<?xml version="1.0" encoding="UTF-8"?>
<!-- Generated by org.testng.reporters.JUnitReportReporter -->
<testsuite hostname="owner-PC" name="firsttestngpack.FirstTestNGFile" tests="1" failures="0" timestamp="22 Nov 2019 16:52:29 GMT" time="16.895" errors="0">
  <testcase name="verifyHomepageTitle" time="16.895" classname="firsttestngpack.FirstTestNGFile"/>
</testsuite> <!-- firsttestngpack.FirstTestNGFile -->
